  hangMan.cpp
C:\Users\thrac\source\repos\hangMan\hangMan\hangMan.cpp(57,68): warning C4267: 'argument': conversion from 'size_t' to '_Ty', possible loss of data
C:\Users\thrac\source\repos\hangMan\hangMan\hangMan.cpp(57,68): warning C4267:         with
C:\Users\thrac\source\repos\hangMan\hangMan\hangMan.cpp(57,68): warning C4267:         [
C:\Users\thrac\source\repos\hangMan\hangMan\hangMan.cpp(57,68): warning C4267:             _Ty=int
C:\Users\thrac\source\repos\hangMan\hangMan\hangMan.cpp(57,68): warning C4267:         ]
C:\Users\thrac\source\repos\hangMan\hangMan\hangMan.cpp(71,77): warning C4267: 'argument': conversion from 'size_t' to '_Ty', possible loss of data
C:\Users\thrac\source\repos\hangMan\hangMan\hangMan.cpp(71,77): warning C4267:         with
C:\Users\thrac\source\repos\hangMan\hangMan\hangMan.cpp(71,77): warning C4267:         [
C:\Users\thrac\source\repos\hangMan\hangMan\hangMan.cpp(71,77): warning C4267:             _Ty=int
C:\Users\thrac\source\repos\hangMan\hangMan\hangMan.cpp(71,77): warning C4267:         ]
  main.cpp
C:\Users\thrac\source\repos\hangMan\hangMan\main.cpp(36,14): error C2664: 'void HangMan::drawHiddenWord(std::string &) const': cannot convert argument 1 from 'const std::string' to 'std::string &'
      C:\Users\thrac\source\repos\hangMan\hangMan\main.cpp(36,51):
      Conversion loses qualifiers
      C:\Users\thrac\source\repos\hangMan\hangMan\hangMan.h(30,7):
      see declaration of 'HangMan::drawHiddenWord'
      C:\Users\thrac\source\repos\hangMan\hangMan\main.cpp(36,14):
      while trying to match the argument list '(const std::string)'
  
C:\Users\thrac\source\repos\hangMan\hangMan\main.cpp(54,14): error C2664: 'void HangMan::drawHiddenWord(std::string &) const': cannot convert argument 1 from 'const std::string' to 'std::string &'
      C:\Users\thrac\source\repos\hangMan\hangMan\main.cpp(54,50):
      Conversion loses qualifiers
      C:\Users\thrac\source\repos\hangMan\hangMan\hangMan.h(30,7):
      see declaration of 'HangMan::drawHiddenWord'
      C:\Users\thrac\source\repos\hangMan\hangMan\main.cpp(54,14):
      while trying to match the argument list '(const std::string)'
  
C:\Users\thrac\source\repos\hangMan\hangMan\main.cpp(66,14): error C2664: 'void HangMan::drawHiddenWord(std::string &) const': cannot convert argument 1 from 'const std::string' to 'std::string &'
      C:\Users\thrac\source\repos\hangMan\hangMan\main.cpp(66,50):
      Conversion loses qualifiers
      C:\Users\thrac\source\repos\hangMan\hangMan\hangMan.h(30,7):
      see declaration of 'HangMan::drawHiddenWord'
      C:\Users\thrac\source\repos\hangMan\hangMan\main.cpp(66,14):
      while trying to match the argument list '(const std::string)'
  
  Generating Code...
